Using pre-set license
Built from '2021.1/staging' branch; Version is '2021.1.13f1 (a03098edbbe0) revision 10498200'; Using compiler version '192528614'; Build Type 'Release'
OS: 'Windows 10 Home Single Language; OS build 19043.1387; Version 2009; 64bit' Language: 'pt' Physical Memory: 20355 MB
BatchMode: 1, IsHumanControllingUs: 0, StartBugReporterOnCrash: 0, Is64bit: 1, IsPro: 0

 COMMAND LINE ARGUMENTS:
C:\Program Files\Unity\Hub\Editor\2021.1.13f1\Editor\Unity.exe
-adb2
-batchMode
-noUpm
-name
AssetImportWorker6
-projectPath
D:/Desenvolvimento/Unity/estudos_unity_plataforma/estudos_unity_plataforma
-logFile
Logs/AssetImportWorker6.log
-srvPort
51454
Successfully changed project path to: D:/Desenvolvimento/Unity/estudos_unity_plataforma/estudos_unity_plataforma
D:/Desenvolvimento/Unity/estudos_unity_plataforma/estudos_unity_plataforma
Using Asset Import Pipeline V2.
